<?xml version="1.0" encoding="UTF-8" ?>
<testsuite failures="0" time="0.009" errors="0" skipped="0" tests="5" name="com.enragedginger.stephenerialization.SandwichStephenerializerIT">
  <properties>
[...]
</properties>
  <testcase time="0.001" classname="com.enragedginger.stephenerialization.SandwichStephenerializerIT" name="readVersion20120926"/>
  <testcase time="0.002" classname="com.enragedginger.stephenerialization.SandwichStephenerializerIT" name="readWriteCurrentVersion"/>
  <testcase time="0.001" classname="com.enragedginger.stephenerialization.SandwichStephenerializerIT" name="readVersion20120928"/>
  <testcase time="0.001" classname="com.enragedginger.stephenerialization.SandwichStephenerializerIT" name="readVersion20120927"/>
  <testcase time="0.001" classname="com.enragedginger.stephenerialization.SandwichStephenerializerIT" name="readVersion20121001"/>
</testsuite>